<?xml version="1.0" encoding="UTF-8"?>
<!-- Generated by org.testng.reporters.JUnitReportReporter -->
<testsuite skipped="0" hostname="ShreeHari" name="com.bank.testsuite.BankTest" tests="3" failures="0" timestamp="2022-05-12T09:33:49 BST" time="22.393" errors="0">
  <testcase name="bankManagerShouldOpenAccountSuccessfully" time="5.598" classname="com.bank.testsuite.BankTest"/>
  <system-out>
    <![CDATA[Click on 'Bank Manager Login' Button<br>
Click on 'Open Account' Button<br>
Select Customer Just Added 'Harry Potter'<br>
Select Currency 'Pound'<br>
Click on 'Process' Button<br>
Get Account created successfully text : Account created successfully<br>]]>
  </system-out>
  <testcase name="customerShouldLoginAndLogoutSuccessfully" time="7.286" classname="com.bank.testsuite.BankTest"/>
  <system-out>
    <![CDATA[Click on 'Customer Login' Button<br>
Select name from drop down 'Harry Potter'<br>
Click on 'Login' Button<br>
Find Logout Button : logout<br>
Click on 'Logout' Button<br>
Get Your Name text : Your Name<br>]]>
  </system-out>
  <testcase name="customerShouldDepositMoneySuccessfully" time="9.509" classname="com.bank.testsuite.BankTest"/>
  <system-out>
    <![CDATA[Click on 'Customer Login' Button<br>
Select name from drop down 'Harry Potter'<br>
Click on 'Login' Button<br>
Click on 'Deposit' Button<br>
Enter Deposit Amount 100 to Deposit Amount field <br>
Click on 'Deposit' Button<br>
Find Deposit Successful Message : Deposit Successful<br>]]>
  </system-out>
</testsuite> <!-- com.bank.testsuite.BankTest -->
